<?xml version="1.0" encoding="UTF-8"?>
<!-- Generated by org.testng.reporters.JUnitXMLReporter -->
<testsuite ignored="0" hostname="LAPTOP-811Q52AV" failures="1" tests="5" name="Surefire test" time="12.128" errors="0" timestamp="2021-12-27T20:11:16 SGT">
  <testcase classname="io.cucumber.testng.AbstractTestNGCucumberTests" name="runScenario" time="2.107"/>
  <testcase classname="io.cucumber.testng.AbstractTestNGCucumberTests" name="runScenario" time="0.599"/>
  <testcase classname="io.cucumber.testng.AbstractTestNGCucumberTests" name="runScenario" time="0.149"/>
  <testcase classname="io.cucumber.testng.AbstractTestNGCucumberTests" name="runScenario" time="0.135">
    <failure type="java.lang.AssertionError" message="expected [2001] but found [200]">
      <![CDATA[java.lang.AssertionError: expected [2001] but found [200]
at com.framework.StepDefinition.API_Steps.i_should_get_the_response_status_as(API_Steps.java:40)
at âœ½.I should get the response status as 2001(file:///C:/Users/udit/Desktop/workspace/selenium_rest_framework/src/test/resources/features/API_TestCase.feature:28)
... Removed 6 stack frames]]>
    </failure>
  </testcase> <!-- runScenario -->
  <testcase classname="io.cucumber.testng.AbstractTestNGCucumberTests" name="runScenario" time="8.358"/>
</testsuite> <!-- Surefire test -->
