<html>
<head>
<title>TestNG:  Default test</title>
<link href="../testng.css" rel="stylesheet" type="text/css" />
<link href="../my-testng.css" rel="stylesheet" type="text/css" />

<style type="text/css">
.log { display: none;} 
.stack-trace { display: none;} 
</style>
<script type="text/javascript">
<!--
function flip(e) {
  current = e.style.display;
  if (current == 'block') {
    e.style.display = 'none';
    return 0;
  }
  else {
    e.style.display = 'block';
    return 1;
  }
}

function toggleBox(szDivId, elem, msg1, msg2)
{
  var res = -1;  if (document.getElementById) {
    res = flip(document.getElementById(szDivId));
  }
  else if (document.all) {
    // this is the way old msie versions work
    res = flip(document.all[szDivId]);
  }
  if(elem) {
    if(res == 0) elem.innerHTML = msg1; else elem.innerHTML = msg2;
  }

}

function toggleAllBoxes() {
  if (document.getElementsByTagName) {
    d = document.getElementsByTagName('div');
    for (i = 0; i < d.length; i++) {
      if (d[i].className == 'log') {
        flip(d[i]);
      }
    }
  }
}

// -->
</script>

</head>
<body>
<h2 align='center'>Default test</h2><table border='1' align="center">
<tr>
<td>Tests passed/Failed/Skipped:</td><td>4/1/0</td>
</tr><tr>
<td>Started on:</td><td>Mon Dec 27 20:05:25 SGT 2021</td>
</tr>
<tr><td>Total time:</td><td>14 seconds (14264 ms)</td>
</tr><tr>
<td>Included groups:</td><td></td>
</tr><tr>
<td>Excluded groups:</td><td></td>
</tr>
</table><p/>
<small><i>(Hover the method name to see the test class name)</i></small><p/>
<table width='100%' border='1' class='invocation-failed'>
<tr><td colspan='4' align='center'><b>FAILED TESTS</b></td></tr>
<tr><td><b>Test method</b></td>
<td width="30%"><b>Exception</b></td>
<td width="10%"><b>Time (seconds)</b></td>
<td><b>Instance</b></td>
</tr>
<tr>
<td title='com.framework.runner.TestRunner.runScenario()'><b>runScenario</b><br>Test class: com.framework.runner.TestRunner<br>Test method: Runs Cucumber Scenarios<br>Parameters: "User is able to search document using additional keyword", "Optional[Test Alpha Sense API end points]"</td>
<td><div><pre>java.lang.AssertionError: expected [2001] but found [200]
	at org.testng.Assert.fail(Assert.java:99)
	at org.testng.Assert.failNotEquals(Assert.java:1037)
	at org.testng.Assert.assertEqualsImpl(Assert.java:140)
	at org.testng.Assert.assertEquals(Assert.java:122)
	at org.testng.Assert.assertEquals(Assert.java:907)
	at org.testng.Assert.assertEquals(Assert.java:917)
	at com.framework.StepDefinition.API_Steps.i_should_get_the_response_status_as(API_Steps.java:40)
	at ?.I should get the response status as 2001(file:///C:/Users/udit/Desktop/workspace/Assignment/src/test/resources/features/API_TestCase.feature:28)
</pre></div><a href='#' onClick='toggleBox("stack-trace342191077", this, "Click to show all stack frames", "Click to hide stack frames")'>Click to show all stack frames</a>
<div class='stack-trace' id='stack-trace342191077'><pre>java.lang.AssertionError: expected [2001] but found [200]
	at org.testng.Assert.fail(Assert.java:99)
	at org.testng.Assert.failNotEquals(Assert.java:1037)
	at org.testng.Assert.assertEqualsImpl(Assert.java:140)
	at org.testng.Assert.assertEquals(Assert.java:122)
	at org.testng.Assert.assertEquals(Assert.java:907)
	at org.testng.Assert.assertEquals(Assert.java:917)
	at com.framework.StepDefinition.API_Steps.i_should_get_the_response_status_as(API_Steps.java:40)
	at ?.I should get the response status as 2001(file:///C:/Users/udit/Desktop/workspace/Assignment/src/test/resources/features/API_TestCase.feature:28)
</pre></div></td>
<td>0</td>
<td>com.framework.runner.TestRunner@10feca44</td></tr>
</table><p>
<table width='100%' border='1' class='invocation-passed'>
<tr><td colspan='4' align='center'><b>PASSED TESTS</b></td></tr>
<tr><td><b>Test method</b></td>
<td width="30%"><b>Exception</b></td>
<td width="10%"><b>Time (seconds)</b></td>
<td><b>Instance</b></td>
</tr>
<tr>
<td title='com.framework.runner.TestRunner.runScenario()'><b>runScenario</b><br>Test class: com.framework.runner.TestRunner<br>Test method: Runs Cucumber Scenarios<br>Parameters: "User is able to search document using additional keyword", "Optional[Test Alpha Sense API end points]"</td>
<td></td>
<td>2</td>
<td>com.framework.runner.TestRunner@10feca44</td></tr>
<tr>
<td title='com.framework.runner.TestRunner.runScenario()'><b>runScenario</b><br>Test class: com.framework.runner.TestRunner<br>Test method: Runs Cucumber Scenarios<br>Parameters: "User is able to get correct number of results in the document", "Optional[Test Alpha Sense API end points]"</td>
<td></td>
<td>0</td>
<td>com.framework.runner.TestRunner@10feca44</td></tr>
<tr>
<td title='com.framework.runner.TestRunner.runScenario()'><b>runScenario</b><br>Test class: com.framework.runner.TestRunner<br>Test method: Runs Cucumber Scenarios<br>Parameters: "User gets required number of objects for each response", "Optional[Test Alpha Sense API end points]"</td>
<td></td>
<td>0</td>
<td>com.framework.runner.TestRunner@10feca44</td></tr>
<tr>
<td title='com.framework.runner.TestRunner.runScenario()'><b>runScenario</b><br>Test class: com.framework.runner.TestRunner<br>Test method: Runs Cucumber Scenarios<br>Parameters: "Search Keyword and verify highlighted statement in last answer", "Optional[Test Alpha Sense Search Feature]"</td>
<td></td>
<td>10</td>
<td>com.framework.runner.TestRunner@10feca44</td></tr>
</table><p>
</body>
</html>